#-----------------------------------------------------------
# Vivado v2024.2 (64-bit)
# SW Build 5239630 on Fri Nov 08 22:35:27 MST 2024
# IP Build 5239520 on Sun Nov 10 16:12:51 MST 2024
# SharedData Build 5239561 on Fri Nov 08 14:39:27 MST 2024
# Start of session at: Mon Jan  5 15:47:50 2026
# Process ID         : 22424
# Current directory  : C:/Users/arbus/Desktop/schweigi/schweigi4/schweigi4
# Command line       : vivado.exe -gui_launcher_event rodinguilauncherevent5032 C:\Users\arbus\Desktop\schweigi\schweigi4\schweigi4\schweigi4.xpr
# Log file           : C:/Users/arbus/Desktop/schweigi/schweigi4/schweigi4/vivado.log
# Journal file       : C:/Users/arbus/Desktop/schweigi/schweigi4/schweigi4\vivado.jou
# Running On         : DESKTOP-L8GB348
# Platform           : Windows Server 2016 or Windows 10
# Operating System   : 26200
# Processor Detail   : 11th Gen Intel(R) Core(TM) i5-11600K @ 3.90GHz
# CPU Frequency      : 3912 MHz
# CPU Physical cores : 6
# CPU Logical cores  : 12
# Host memory        : 17016 MB
# Swap memory        : 11274 MB
# Total Virtual      : 28290 MB
# Available Virtual  : 16407 MB
#-----------------------------------------------------------
start_gui
open_project C:/Users/arbus/Desktop/schweigi/schweigi4/schweigi4/schweigi4.xpr
INFO: [Project 1-313] Project file moved from 'C:/Users/arbus/Desktop/Schweigi/schweigi4/schweigi4/schweigi4' since last save.
INFO: [filemgmt 56-3] Default IP Output Path : Could not find the directory 'C:/Users/arbus/Desktop/schweigi/schweigi4/schweigi4/schweigi4.gen/sources_1'.
CRITICAL WARNING: [Project 1-311] Could not find the file 'C:/Users/arbus/Desktop/schweigi/schweigi3/schweigi3/top_behav.wcfg', nor could it be found using path 'C:/Users/arbus/Desktop/Schweigi/schweigi4/schweigi3/schweigi3/top_behav.wcfg'.
Scanning sources...
Finished scanning sources
INFO: [IP_Flow 19-234] Refreshing IP repositories
INFO: [IP_Flow 19-1704] No user IP repositories specified
INFO: [IP_Flow 19-2313] Loaded Vivado IP repository 'C:/Xilinx/Vivado/2024.2/data/ip'.
open_project: Time (s): cpu = 00:00:10 ; elapsed = 00:00:05 . Memory (MB): peak = 1202.602 ; gain = 142.164
update_compile_order -fileset sources_1
launch_simulation
Command: launch_simulation 
INFO: [Vivado 12-12493] Simulation top is 'top'
WARNING: [Vivado 12-13340] Unable to auto find GCC executables from simulator install path! (path not set)
INFO: [Vivado 12-5682] Launching behavioral simulation in 'C:/Users/arbus/Desktop/schweigi/schweigi4/schweigi4/schweigi4.sim/sim_1/behav/xsim'
INFO: [SIM-utils-51] Simulation object is 'sim_1'
INFO: [SIM-utils-72] Using boost library from 'C:/Xilinx/Vivado/2024.2/tps/boost_1_72_0'
INFO: [SIM-utils-54] Inspecting design source files for 'top' in fileset 'sim_1'...
INFO: [USF-XSim-97] Finding global include files...
INFO: [USF-XSim-98] Fetching design files from 'sim_1'...
INFO: [USF-XSim-2] XSim::Compile design
INFO: [USF-XSim-61] Executing 'COMPILE and ANALYZE' step in 'C:/Users/arbus/Desktop/schweigi/schweigi4/schweigi4/schweigi4.sim/sim_1/behav/xsim'
"xvhdl --incr --relax -prj top_vhdl.prj"
INFO: [VRFC 10-163] Analyzing VHDL file "C:/Users/arbus/Desktop/schweigi/schweigi4/schweigi4/schweigi4.srcs/sources_1/imports/new/ALU.vhd" into library xil_defaultlib
INFO: [VRFC 10-3107] analyzing entity 'ALU'
INFO: [VRFC 10-163] Analyzing VHDL file "C:/Users/arbus/Desktop/schweigi/schweigi4/schweigi4/schweigi4.srcs/sources_1/imports/new/bytetx.vhd" into library xil_defaultlib
INFO: [VRFC 10-3107] analyzing entity 'bytetx'
INFO: [VRFC 10-163] Analyzing VHDL file "C:/Users/arbus/Desktop/schweigi/schweigi4/schweigi4/schweigi4.srcs/sources_1/imports/new/hs_uart.vhd" into library xil_defaultlib
INFO: [VRFC 10-3107] analyzing entity 'hs_uart'
INFO: [VRFC 10-163] Analyzing VHDL file "C:/Users/arbus/Desktop/schweigi/schweigi4/schweigi4/schweigi4.srcs/sources_1/imports/new/top_w_proc_2.vhd" into library xil_defaultlib
INFO: [VRFC 10-3107] analyzing entity 'top'
INFO: [USF-XSim-69] 'compile' step finished in '2' seconds
INFO: [USF-XSim-3] XSim::Elaborate design
INFO: [USF-XSim-61] Executing 'ELABORATE' step in 'C:/Users/arbus/Desktop/schweigi/schweigi4/schweigi4/schweigi4.sim/sim_1/behav/xsim'
"xelab --incr --debug typical --relax --mt 2 -L xil_defaultlib -L secureip --snapshot top_behav xil_defaultlib.top -log elaborate.log"
Vivado Simulator v2024.2.0
Copyright 1986-2022 Xilinx, Inc. All Rights Reserved.
Copyright 2022-2024 Advanced Micro Devices, Inc. All Rights Reserved.
Running: C:/Xilinx/Vivado/2024.2/bin/unwrapped/win64.o/xelab.exe --incr --debug typical --relax --mt 2 -L xil_defaultlib -L secureip --snapshot top_behav xil_defaultlib.top -log elaborate.log 
Using 2 slave threads.
Starting static elaboration
Completed static elaboration
Starting simulation data flow analysis
Completed simulation data flow analysis
Time Resolution for simulation is 1ps
Compiling package std.standard
Compiling package std.textio
Compiling package ieee.std_logic_1164
Compiling package ieee.numeric_std
Compiling package ieee.std_logic_arith
Compiling package ieee.std_logic_unsigned
Compiling architecture behavioural of entity xil_defaultlib.hs_uart [hs_uart_default]
Compiling architecture behavioral of entity xil_defaultlib.bytetx [bytetx_default]
Compiling architecture behavioral of entity xil_defaultlib.ALU [alu_default]
Compiling architecture behavioral of entity xil_defaultlib.top
Built simulation snapshot top_behav
INFO: [USF-XSim-69] 'elaborate' step finished in '4' seconds
INFO: [USF-XSim-4] XSim::Simulate design
WARNING: [USF-XSim-17] WCFG file does not exist:C:/Users/arbus/Desktop/schweigi/schweigi3/schweigi3/top_behav.wcfg
WARNING: [USF-XSim-17] WCFG file does not exist:C:/Users/arbus/Desktop/schweigi/schweigi3/schweigi3/top_behav.wcfg
INFO: [USF-XSim-61] Executing 'SIMULATE' step in 'C:/Users/arbus/Desktop/schweigi/schweigi4/schweigi4/schweigi4.sim/sim_1/behav/xsim'
INFO: [USF-XSim-98] *** Running xsim
   with args "top_behav -key {Behavioral:sim_1:Functional:top} -tclbatch {top.tcl} -log {simulate.log}"
INFO: [USF-XSim-8] Loading simulator feature
Time resolution is 1 ps
source top.tcl
# set curr_wave [current_wave_config]
# if { [string length $curr_wave] == 0 } {
#   if { [llength [get_objects]] > 0} {
#     add_wave /
#     set_property needs_save false [current_wave_config]
#   } else {
#      send_msg_id Add_Wave-1 WARNING "No top level signals found. Simulator will start without a wave window. If you want to open a wave window go to 'File->New Waveform Configuration' or type 'create_wave_config' in the TCL console."
#   }
# }
# run 1000ns
INFO: [USF-XSim-96] XSim completed. Design snapshot 'top_behav' loaded.
INFO: [USF-XSim-97] XSim simulation ran for 1000ns
launch_simulation: Time (s): cpu = 00:00:05 ; elapsed = 00:00:09 . Memory (MB): peak = 1239.453 ; gain = 23.676
add_force {/top/clk} -radix hex {1 0ns} {0 50000ps} -repeat_every 100000ps
add_force {/top/cpu_clk} -radix hex {1 0ns} {0 50000ps} -repeat_every 100000ps
add_force {/top/argA} -radix hex {7 0ns}
add_force {/top/argB} -radix hex {7 0ns}
restart
INFO: [Wavedata 42-604] Simulation restarted
run 15 us
close_sim
INFO: [Simtcl 6-16] Simulation closed
launch_simulation
Command: launch_simulation 
INFO: [Vivado 12-12493] Simulation top is 'top'
WARNING: [Vivado 12-13340] Unable to auto find GCC executables from simulator install path! (path not set)
INFO: [Vivado 12-5682] Launching behavioral simulation in 'C:/Users/arbus/Desktop/schweigi/schweigi4/schweigi4/schweigi4.sim/sim_1/behav/xsim'
INFO: [SIM-utils-51] Simulation object is 'sim_1'
INFO: [SIM-utils-72] Using boost library from 'C:/Xilinx/Vivado/2024.2/tps/boost_1_72_0'
INFO: [SIM-utils-54] Inspecting design source files for 'top' in fileset 'sim_1'...
INFO: [USF-XSim-97] Finding global include files...
INFO: [USF-XSim-98] Fetching design files from 'sim_1'...
INFO: [USF-XSim-2] XSim::Compile design
INFO: [USF-XSim-61] Executing 'COMPILE and ANALYZE' step in 'C:/Users/arbus/Desktop/schweigi/schweigi4/schweigi4/schweigi4.sim/sim_1/behav/xsim'
"xvhdl --incr --relax -prj top_vhdl.prj"
INFO: [VRFC 10-163] Analyzing VHDL file "C:/Users/arbus/Desktop/schweigi/schweigi4/schweigi4/schweigi4.srcs/sources_1/imports/new/top_w_proc_2.vhd" into library xil_defaultlib
INFO: [VRFC 10-3107] analyzing entity 'top'
INFO: [USF-XSim-69] 'compile' step finished in '1' seconds
INFO: [USF-XSim-3] XSim::Elaborate design
INFO: [USF-XSim-61] Executing 'ELABORATE' step in 'C:/Users/arbus/Desktop/schweigi/schweigi4/schweigi4/schweigi4.sim/sim_1/behav/xsim'
"xelab --incr --debug typical --relax --mt 2 -L xil_defaultlib -L secureip --snapshot top_behav xil_defaultlib.top -log elaborate.log"
Vivado Simulator v2024.2.0
Copyright 1986-2022 Xilinx, Inc. All Rights Reserved.
Copyright 2022-2024 Advanced Micro Devices, Inc. All Rights Reserved.
Running: C:/Xilinx/Vivado/2024.2/bin/unwrapped/win64.o/xelab.exe --incr --debug typical --relax --mt 2 -L xil_defaultlib -L secureip --snapshot top_behav xil_defaultlib.top -log elaborate.log 
Using 2 slave threads.
Starting static elaboration
Completed static elaboration
Starting simulation data flow analysis
Completed simulation data flow analysis
Time Resolution for simulation is 1ps
Compiling package std.standard
Compiling package std.textio
Compiling package ieee.std_logic_1164
Compiling package ieee.numeric_std
Compiling package ieee.std_logic_arith
Compiling package ieee.std_logic_unsigned
Compiling architecture behavioural of entity xil_defaultlib.hs_uart [hs_uart_default]
Compiling architecture behavioral of entity xil_defaultlib.bytetx [bytetx_default]
Compiling architecture behavioral of entity xil_defaultlib.ALU [alu_default]
Compiling architecture behavioral of entity xil_defaultlib.top
Built simulation snapshot top_behav
INFO: [USF-XSim-69] 'elaborate' step finished in '2' seconds
INFO: [USF-XSim-4] XSim::Simulate design
WARNING: [USF-XSim-17] WCFG file does not exist:C:/Users/arbus/Desktop/schweigi/schweigi3/schweigi3/top_behav.wcfg
WARNING: [USF-XSim-17] WCFG file does not exist:C:/Users/arbus/Desktop/schweigi/schweigi3/schweigi3/top_behav.wcfg
INFO: [USF-XSim-61] Executing 'SIMULATE' step in 'C:/Users/arbus/Desktop/schweigi/schweigi4/schweigi4/schweigi4.sim/sim_1/behav/xsim'
INFO: [USF-XSim-98] *** Running xsim
   with args "top_behav -key {Behavioral:sim_1:Functional:top} -tclbatch {top.tcl} -log {simulate.log}"
INFO: [USF-XSim-8] Loading simulator feature
Time resolution is 1 ps
source top.tcl
# set curr_wave [current_wave_config]
# if { [string length $curr_wave] == 0 } {
#   if { [llength [get_objects]] > 0} {
#     add_wave /
#     set_property needs_save false [current_wave_config]
#   } else {
#      send_msg_id Add_Wave-1 WARNING "No top level signals found. Simulator will start without a wave window. If you want to open a wave window go to 'File->New Waveform Configuration' or type 'create_wave_config' in the TCL console."
#   }
# }
# run 1000ns
INFO: [USF-XSim-96] XSim completed. Design snapshot 'top_behav' loaded.
INFO: [USF-XSim-97] XSim simulation ran for 1000ns
launch_simulation: Time (s): cpu = 00:00:03 ; elapsed = 00:00:07 . Memory (MB): peak = 1266.699 ; gain = 0.000
restart
INFO: [Wavedata 42-604] Simulation restarted
add_force {/top/clk} -radix hex {1 0ns} {0 50000ps} -repeat_every 100000ps
add_force {/top/cpu_clk} -radix hex {1 0ns} {0 50000ps} -repeat_every 100000ps
run 15 us
ERROR: Index 25 out of bound 0 to 24
Time: 4600 ns  Iteration: 1  Process: /top/line__182
  File: C:/Users/arbus/Desktop/schweigi/schweigi4/schweigi4/schweigi4.srcs/sources_1/imports/new/top_w_proc_2.vhd

HDL Line: C:/Users/arbus/Desktop/schweigi/schweigi4/schweigi4/schweigi4.srcs/sources_1/imports/new/top_w_proc_2.vhd:182
restart
INFO: [Wavedata 42-604] Simulation restarted
current_wave_config {Untitled 2}
Untitled 2
remove_forces { {/top/clk} }
run 15 us
ERROR: Index 25 out of bound 0 to 24
Time: 4600 ns  Iteration: 1  Process: /top/line__182
  File: C:/Users/arbus/Desktop/schweigi/schweigi4/schweigi4/schweigi4.srcs/sources_1/imports/new/top_w_proc_2.vhd

HDL Line: C:/Users/arbus/Desktop/schweigi/schweigi4/schweigi4/schweigi4.srcs/sources_1/imports/new/top_w_proc_2.vhd:182
restart
INFO: [Wavedata 42-604] Simulation restarted
add_force {/top/argA} -radix hex {7 0ns}
add_force {/top/argB} -radix hex {7 0ns}
run 15 us
ERROR: Index 25 out of bound 0 to 24
Time: 4600 ns  Iteration: 1  Process: /top/line__182
  File: C:/Users/arbus/Desktop/schweigi/schweigi4/schweigi4/schweigi4.srcs/sources_1/imports/new/top_w_proc_2.vhd

HDL Line: C:/Users/arbus/Desktop/schweigi/schweigi4/schweigi4/schweigi4.srcs/sources_1/imports/new/top_w_proc_2.vhd:182
restart
INFO: [Wavedata 42-604] Simulation restarted
add_force {/top/clk} -radix hex {1 0ns} {0 50000ps} -repeat_every 100000ps
run 15 us
ERROR: Index 25 out of bound 0 to 24
Time: 4600 ns  Iteration: 1  Process: /top/line__182
  File: C:/Users/arbus/Desktop/schweigi/schweigi4/schweigi4/schweigi4.srcs/sources_1/imports/new/top_w_proc_2.vhd

HDL Line: C:/Users/arbus/Desktop/schweigi/schweigi4/schweigi4/schweigi4.srcs/sources_1/imports/new/top_w_proc_2.vhd:182
close_sim
INFO: [Simtcl 6-16] Simulation closed
launch_simulation
Command: launch_simulation 
INFO: [Vivado 12-12493] Simulation top is 'top'
WARNING: [Vivado 12-13340] Unable to auto find GCC executables from simulator install path! (path not set)
INFO: [Vivado 12-5682] Launching behavioral simulation in 'C:/Users/arbus/Desktop/schweigi/schweigi4/schweigi4/schweigi4.sim/sim_1/behav/xsim'
INFO: [SIM-utils-51] Simulation object is 'sim_1'
INFO: [SIM-utils-72] Using boost library from 'C:/Xilinx/Vivado/2024.2/tps/boost_1_72_0'
INFO: [SIM-utils-54] Inspecting design source files for 'top' in fileset 'sim_1'...
INFO: [USF-XSim-97] Finding global include files...
INFO: [USF-XSim-98] Fetching design files from 'sim_1'...
INFO: [USF-XSim-2] XSim::Compile design
INFO: [USF-XSim-61] Executing 'COMPILE and ANALYZE' step in 'C:/Users/arbus/Desktop/schweigi/schweigi4/schweigi4/schweigi4.sim/sim_1/behav/xsim'
"xvhdl --incr --relax -prj top_vhdl.prj"
INFO: [VRFC 10-163] Analyzing VHDL file "C:/Users/arbus/Desktop/schweigi/schweigi4/schweigi4/schweigi4.srcs/sources_1/imports/new/top_w_proc_2.vhd" into library xil_defaultlib
INFO: [VRFC 10-3107] analyzing entity 'top'
INFO: [USF-XSim-69] 'compile' step finished in '1' seconds
INFO: [USF-XSim-3] XSim::Elaborate design
INFO: [USF-XSim-61] Executing 'ELABORATE' step in 'C:/Users/arbus/Desktop/schweigi/schweigi4/schweigi4/schweigi4.sim/sim_1/behav/xsim'
"xelab --incr --debug typical --relax --mt 2 -L xil_defaultlib -L secureip --snapshot top_behav xil_defaultlib.top -log elaborate.log"
Vivado Simulator v2024.2.0
Copyright 1986-2022 Xilinx, Inc. All Rights Reserved.
Copyright 2022-2024 Advanced Micro Devices, Inc. All Rights Reserved.
Running: C:/Xilinx/Vivado/2024.2/bin/unwrapped/win64.o/xelab.exe --incr --debug typical --relax --mt 2 -L xil_defaultlib -L secureip --snapshot top_behav xil_defaultlib.top -log elaborate.log 
Using 2 slave threads.
Starting static elaboration
ERROR: [VRFC 10-666] expression has 27 elements; expected 25 [C:/Users/arbus/Desktop/schweigi/schweigi4/schweigi4/schweigi4.srcs/sources_1/imports/new/top_w_proc_2.vhd:93]
ERROR: [XSIM 43-3321] Static elaboration of top level VHDL design unit top in library work failed.
INFO: [USF-XSim-69] 'elaborate' step finished in '2' seconds
INFO: [USF-XSim-99] Step results log file:'C:/Users/arbus/Desktop/schweigi/schweigi4/schweigi4/schweigi4.sim/sim_1/behav/xsim/elaborate.log'
ERROR: [USF-XSim-62] 'elaborate' step failed with error(s). Please check the Tcl console output or 'C:/Users/arbus/Desktop/schweigi/schweigi4/schweigi4/schweigi4.sim/sim_1/behav/xsim/elaborate.log' file for more information.
ERROR: [Vivado 12-4473] Detected error while running simulation. Please correct the issue and retry this operation.
ERROR: [Common 17-39] 'launch_simulation' failed due to earlier errors.
launch_simulation
Command: launch_simulation 
INFO: [Vivado 12-12493] Simulation top is 'top'
WARNING: [Vivado 12-13340] Unable to auto find GCC executables from simulator install path! (path not set)
INFO: [Vivado 12-5682] Launching behavioral simulation in 'C:/Users/arbus/Desktop/schweigi/schweigi4/schweigi4/schweigi4.sim/sim_1/behav/xsim'
INFO: [SIM-utils-51] Simulation object is 'sim_1'
INFO: [SIM-utils-72] Using boost library from 'C:/Xilinx/Vivado/2024.2/tps/boost_1_72_0'
INFO: [SIM-utils-54] Inspecting design source files for 'top' in fileset 'sim_1'...
INFO: [USF-XSim-97] Finding global include files...
INFO: [USF-XSim-98] Fetching design files from 'sim_1'...
INFO: [USF-XSim-2] XSim::Compile design
INFO: [USF-XSim-61] Executing 'COMPILE and ANALYZE' step in 'C:/Users/arbus/Desktop/schweigi/schweigi4/schweigi4/schweigi4.sim/sim_1/behav/xsim'
"xvhdl --incr --relax -prj top_vhdl.prj"
INFO: [VRFC 10-163] Analyzing VHDL file "C:/Users/arbus/Desktop/schweigi/schweigi4/schweigi4/schweigi4.srcs/sources_1/imports/new/top_w_proc_2.vhd" into library xil_defaultlib
INFO: [VRFC 10-3107] analyzing entity 'top'
INFO: [USF-XSim-69] 'compile' step finished in '2' seconds
INFO: [USF-XSim-3] XSim::Elaborate design
INFO: [USF-XSim-61] Executing 'ELABORATE' step in 'C:/Users/arbus/Desktop/schweigi/schweigi4/schweigi4/schweigi4.sim/sim_1/behav/xsim'
"xelab --incr --debug typical --relax --mt 2 -L xil_defaultlib -L secureip --snapshot top_behav xil_defaultlib.top -log elaborate.log"
Vivado Simulator v2024.2.0
Copyright 1986-2022 Xilinx, Inc. All Rights Reserved.
Copyright 2022-2024 Advanced Micro Devices, Inc. All Rights Reserved.
Running: C:/Xilinx/Vivado/2024.2/bin/unwrapped/win64.o/xelab.exe --incr --debug typical --relax --mt 2 -L xil_defaultlib -L secureip --snapshot top_behav xil_defaultlib.top -log elaborate.log 
Using 2 slave threads.
Starting static elaboration
Completed static elaboration
Starting simulation data flow analysis
Completed simulation data flow analysis
Time Resolution for simulation is 1ps
Compiling package std.standard
Compiling package std.textio
Compiling package ieee.std_logic_1164
Compiling package ieee.numeric_std
Compiling package ieee.std_logic_arith
Compiling package ieee.std_logic_unsigned
Compiling architecture behavioural of entity xil_defaultlib.hs_uart [hs_uart_default]
Compiling architecture behavioral of entity xil_defaultlib.bytetx [bytetx_default]
Compiling architecture behavioral of entity xil_defaultlib.ALU [alu_default]
Compiling architecture behavioral of entity xil_defaultlib.top
Built simulation snapshot top_behav
INFO: [USF-XSim-69] 'elaborate' step finished in '2' seconds
INFO: [USF-XSim-4] XSim::Simulate design
WARNING: [USF-XSim-17] WCFG file does not exist:C:/Users/arbus/Desktop/schweigi/schweigi3/schweigi3/top_behav.wcfg
WARNING: [USF-XSim-17] WCFG file does not exist:C:/Users/arbus/Desktop/schweigi/schweigi3/schweigi3/top_behav.wcfg
INFO: [USF-XSim-61] Executing 'SIMULATE' step in 'C:/Users/arbus/Desktop/schweigi/schweigi4/schweigi4/schweigi4.sim/sim_1/behav/xsim'
INFO: [USF-XSim-98] *** Running xsim
   with args "top_behav -key {Behavioral:sim_1:Functional:top} -tclbatch {top.tcl} -log {simulate.log}"
INFO: [USF-XSim-8] Loading simulator feature
Time resolution is 1 ps
source top.tcl
# set curr_wave [current_wave_config]
# if { [string length $curr_wave] == 0 } {
#   if { [llength [get_objects]] > 0} {
#     add_wave /
#     set_property needs_save false [current_wave_config]
#   } else {
#      send_msg_id Add_Wave-1 WARNING "No top level signals found. Simulator will start without a wave window. If you want to open a wave window go to 'File->New Waveform Configuration' or type 'create_wave_config' in the TCL console."
#   }
# }
# run 1000ns
INFO: [USF-XSim-96] XSim completed. Design snapshot 'top_behav' loaded.
INFO: [USF-XSim-97] XSim simulation ran for 1000ns
launch_simulation: Time (s): cpu = 00:00:02 ; elapsed = 00:00:07 . Memory (MB): peak = 2314.129 ; gain = 0.000
restart
INFO: [Wavedata 42-604] Simulation restarted
add_force {/top/clk} -radix hex {1 0ns} {0 50000ps} -repeat_every 100000ps
add_force {/top/cpu_clk} -radix hex {1 0ns} {0 50000ps} -repeat_every 100000ps
run 15 us
restart
INFO: [Wavedata 42-604] Simulation restarted
add_force {/top/argA} -radix hex {7 0ns}
add_force {/top/argB} -radix hex {7 0ns}
run 15 us
close_sim
INFO: [Simtcl 6-16] Simulation closed
launch_simulation
Command: launch_simulation 
INFO: [Vivado 12-12493] Simulation top is 'top'
WARNING: [Vivado 12-13340] Unable to auto find GCC executables from simulator install path! (path not set)
INFO: [Vivado 12-5682] Launching behavioral simulation in 'C:/Users/arbus/Desktop/schweigi/schweigi4/schweigi4/schweigi4.sim/sim_1/behav/xsim'
INFO: [SIM-utils-51] Simulation object is 'sim_1'
INFO: [SIM-utils-72] Using boost library from 'C:/Xilinx/Vivado/2024.2/tps/boost_1_72_0'
INFO: [SIM-utils-54] Inspecting design source files for 'top' in fileset 'sim_1'...
INFO: [USF-XSim-97] Finding global include files...
INFO: [USF-XSim-98] Fetching design files from 'sim_1'...
INFO: [USF-XSim-2] XSim::Compile design
INFO: [USF-XSim-61] Executing 'COMPILE and ANALYZE' step in 'C:/Users/arbus/Desktop/schweigi/schweigi4/schweigi4/schweigi4.sim/sim_1/behav/xsim'
"xvhdl --incr --relax -prj top_vhdl.prj"
INFO: [VRFC 10-163] Analyzing VHDL file "C:/Users/arbus/Desktop/schweigi/schweigi4/schweigi4/schweigi4.srcs/sources_1/imports/new/top_w_proc_2.vhd" into library xil_defaultlib
INFO: [VRFC 10-3107] analyzing entity 'top'
INFO: [USF-XSim-69] 'compile' step finished in '1' seconds
INFO: [USF-XSim-3] XSim::Elaborate design
INFO: [USF-XSim-61] Executing 'ELABORATE' step in 'C:/Users/arbus/Desktop/schweigi/schweigi4/schweigi4/schweigi4.sim/sim_1/behav/xsim'
"xelab --incr --debug typical --relax --mt 2 -L xil_defaultlib -L secureip --snapshot top_behav xil_defaultlib.top -log elaborate.log"
Vivado Simulator v2024.2.0
Copyright 1986-2022 Xilinx, Inc. All Rights Reserved.
Copyright 2022-2024 Advanced Micro Devices, Inc. All Rights Reserved.
Running: C:/Xilinx/Vivado/2024.2/bin/unwrapped/win64.o/xelab.exe --incr --debug typical --relax --mt 2 -L xil_defaultlib -L secureip --snapshot top_behav xil_defaultlib.top -log elaborate.log 
Using 2 slave threads.
Starting static elaboration
Completed static elaboration
Starting simulation data flow analysis
Completed simulation data flow analysis
Time Resolution for simulation is 1ps
Compiling package std.standard
Compiling package std.textio
Compiling package ieee.std_logic_1164
Compiling package ieee.numeric_std
Compiling package ieee.std_logic_arith
Compiling package ieee.std_logic_unsigned
Compiling architecture behavioural of entity xil_defaultlib.hs_uart [hs_uart_default]
Compiling architecture behavioral of entity xil_defaultlib.bytetx [bytetx_default]
Compiling architecture behavioral of entity xil_defaultlib.ALU [alu_default]
Compiling architecture behavioral of entity xil_defaultlib.top
Built simulation snapshot top_behav
INFO: [USF-XSim-69] 'elaborate' step finished in '2' seconds
INFO: [USF-XSim-4] XSim::Simulate design
WARNING: [USF-XSim-17] WCFG file does not exist:C:/Users/arbus/Desktop/schweigi/schweigi3/schweigi3/top_behav.wcfg
WARNING: [USF-XSim-17] WCFG file does not exist:C:/Users/arbus/Desktop/schweigi/schweigi3/schweigi3/top_behav.wcfg
INFO: [USF-XSim-61] Executing 'SIMULATE' step in 'C:/Users/arbus/Desktop/schweigi/schweigi4/schweigi4/schweigi4.sim/sim_1/behav/xsim'
INFO: [USF-XSim-98] *** Running xsim
   with args "top_behav -key {Behavioral:sim_1:Functional:top} -tclbatch {top.tcl} -log {simulate.log}"
INFO: [USF-XSim-8] Loading simulator feature
Time resolution is 1 ps
source top.tcl
# set curr_wave [current_wave_config]
# if { [string length $curr_wave] == 0 } {
#   if { [llength [get_objects]] > 0} {
#     add_wave /
#     set_property needs_save false [current_wave_config]
#   } else {
#      send_msg_id Add_Wave-1 WARNING "No top level signals found. Simulator will start without a wave window. If you want to open a wave window go to 'File->New Waveform Configuration' or type 'create_wave_config' in the TCL console."
#   }
# }
# run 1000ns
INFO: [USF-XSim-96] XSim completed. Design snapshot 'top_behav' loaded.
INFO: [USF-XSim-97] XSim simulation ran for 1000ns
launch_simulation: Time (s): cpu = 00:00:02 ; elapsed = 00:00:06 . Memory (MB): peak = 2314.129 ; gain = 0.000
restart
INFO: [Wavedata 42-604] Simulation restarted
add_force {/top/clk} -radix hex {1 0ns} {0 50000ps} -repeat_every 100000ps
add_force {/top/cpu_clk} -radix hex {1 0ns} {0 50000ps} -repeat_every 100000ps
run 15 us
close_sim
INFO: [Simtcl 6-16] Simulation closed
launch_simulation
Command: launch_simulation 
INFO: [Vivado 12-12493] Simulation top is 'top'
WARNING: [Vivado 12-13340] Unable to auto find GCC executables from simulator install path! (path not set)
INFO: [Vivado 12-5682] Launching behavioral simulation in 'C:/Users/arbus/Desktop/schweigi/schweigi4/schweigi4/schweigi4.sim/sim_1/behav/xsim'
INFO: [SIM-utils-51] Simulation object is 'sim_1'
INFO: [SIM-utils-72] Using boost library from 'C:/Xilinx/Vivado/2024.2/tps/boost_1_72_0'
INFO: [SIM-utils-54] Inspecting design source files for 'top' in fileset 'sim_1'...
INFO: [USF-XSim-97] Finding global include files...
INFO: [USF-XSim-98] Fetching design files from 'sim_1'...
INFO: [USF-XSim-2] XSim::Compile design
INFO: [USF-XSim-61] Executing 'COMPILE and ANALYZE' step in 'C:/Users/arbus/Desktop/schweigi/schweigi4/schweigi4/schweigi4.sim/sim_1/behav/xsim'
"xvhdl --incr --relax -prj top_vhdl.prj"
INFO: [VRFC 10-163] Analyzing VHDL file "C:/Users/arbus/Desktop/schweigi/schweigi4/schweigi4/schweigi4.srcs/sources_1/imports/new/top_w_proc_2.vhd" into library xil_defaultlib
INFO: [VRFC 10-3107] analyzing entity 'top'
INFO: [USF-XSim-69] 'compile' step finished in '1' seconds
INFO: [USF-XSim-3] XSim::Elaborate design
INFO: [USF-XSim-61] Executing 'ELABORATE' step in 'C:/Users/arbus/Desktop/schweigi/schweigi4/schweigi4/schweigi4.sim/sim_1/behav/xsim'
"xelab --incr --debug typical --relax --mt 2 -L xil_defaultlib -L secureip --snapshot top_behav xil_defaultlib.top -log elaborate.log"
Vivado Simulator v2024.2.0
Copyright 1986-2022 Xilinx, Inc. All Rights Reserved.
Copyright 2022-2024 Advanced Micro Devices, Inc. All Rights Reserved.
Running: C:/Xilinx/Vivado/2024.2/bin/unwrapped/win64.o/xelab.exe --incr --debug typical --relax --mt 2 -L xil_defaultlib -L secureip --snapshot top_behav xil_defaultlib.top -log elaborate.log 
Using 2 slave threads.
Starting static elaboration
Completed static elaboration
Starting simulation data flow analysis
Completed simulation data flow analysis
Time Resolution for simulation is 1ps
Compiling package std.standard
Compiling package std.textio
Compiling package ieee.std_logic_1164
Compiling package ieee.numeric_std
Compiling package ieee.std_logic_arith
Compiling package ieee.std_logic_unsigned
Compiling architecture behavioural of entity xil_defaultlib.hs_uart [hs_uart_default]
Compiling architecture behavioral of entity xil_defaultlib.bytetx [bytetx_default]
Compiling architecture behavioral of entity xil_defaultlib.ALU [alu_default]
Compiling architecture behavioral of entity xil_defaultlib.top
Built simulation snapshot top_behav
INFO: [USF-XSim-69] 'elaborate' step finished in '2' seconds
INFO: [USF-XSim-4] XSim::Simulate design
WARNING: [USF-XSim-17] WCFG file does not exist:C:/Users/arbus/Desktop/schweigi/schweigi3/schweigi3/top_behav.wcfg
WARNING: [USF-XSim-17] WCFG file does not exist:C:/Users/arbus/Desktop/schweigi/schweigi3/schweigi3/top_behav.wcfg
INFO: [USF-XSim-61] Executing 'SIMULATE' step in 'C:/Users/arbus/Desktop/schweigi/schweigi4/schweigi4/schweigi4.sim/sim_1/behav/xsim'
INFO: [USF-XSim-98] *** Running xsim
   with args "top_behav -key {Behavioral:sim_1:Functional:top} -tclbatch {top.tcl} -log {simulate.log}"
INFO: [USF-XSim-8] Loading simulator feature
Time resolution is 1 ps
source top.tcl
# set curr_wave [current_wave_config]
# if { [string length $curr_wave] == 0 } {
#   if { [llength [get_objects]] > 0} {
#     add_wave /
#     set_property needs_save false [current_wave_config]
#   } else {
#      send_msg_id Add_Wave-1 WARNING "No top level signals found. Simulator will start without a wave window. If you want to open a wave window go to 'File->New Waveform Configuration' or type 'create_wave_config' in the TCL console."
#   }
# }
# run 1000ns
INFO: [USF-XSim-96] XSim completed. Design snapshot 'top_behav' loaded.
INFO: [USF-XSim-97] XSim simulation ran for 1000ns
launch_simulation: Time (s): cpu = 00:00:01 ; elapsed = 00:00:07 . Memory (MB): peak = 2314.129 ; gain = 0.000
restart
INFO: [Wavedata 42-604] Simulation restarted
add_force {/top/clk} -radix hex {1 0ns} {0 50000ps} -repeat_every 100000ps
add_force {/top/cpu_clk} -radix hex {1 0ns} {0 50000ps} -repeat_every 100000ps
run 15 us
ERROR: Index 5 out of bound 0 to 3
Time: 1 us  Iteration: 0  Process: /top/cpu
  File: C:/Users/arbus/Desktop/schweigi/schweigi4/schweigi4/schweigi4.srcs/sources_1/imports/new/top_w_proc_2.vhd

HDL Line: C:/Users/arbus/Desktop/schweigi/schweigi4/schweigi4/schweigi4.srcs/sources_1/imports/new/top_w_proc_2.vhd:371
restart
INFO: [Wavedata 42-604] Simulation restarted
run 15 us
ERROR: Index 5 out of bound 0 to 3
Time: 1 us  Iteration: 0  Process: /top/cpu
  File: C:/Users/arbus/Desktop/schweigi/schweigi4/schweigi4/schweigi4.srcs/sources_1/imports/new/top_w_proc_2.vhd

HDL Line: C:/Users/arbus/Desktop/schweigi/schweigi4/schweigi4/schweigi4.srcs/sources_1/imports/new/top_w_proc_2.vhd:371
close_sim
INFO: [Simtcl 6-16] Simulation closed
exit
INFO: [Common 17-206] Exiting Vivado at Mon Jan  5 16:11:42 2026...
